Using pre-set license
Built from '2022.3/staging' branch; Version is '2022.3.26f1 (ec6cd8118806) revision 15494360'; Using compiler version '192829333'; Build Type 'Release'
OS: 'Windows 10  (10.0.19045) 64bit Education' Language: 'en' Physical Memory: 32767 MB
BatchMode: 1, IsHumanControllingUs: 0, StartBugReporterOnCrash: 0, Is64bit: 1, IsPro: 1

COMMAND LINE ARGUMENTS:
C:\Program Files\Unity 2022.3.26f1\Editor\Unity.exe
-adb2
-batchMode
-noUpm
-name
AssetImportWorker4
-projectPath
C:/Users/c.legaspi681/OneDrive - Bow Valley College/Documents/GitHub/Final_Project-QB-10/QB - 10
-logFile
Logs/AssetImportWorker4.log
-srvPort
51804
Successfully changed project path to: C:/Users/c.legaspi681/OneDrive - Bow Valley College/Documents/GitHub/Final_Project-QB-10/QB - 10
C:/Users/c.legaspi681/OneDrive - Bow Valley College/Documents/GitHub/Final_Project-QB-10/QB - 10
[UnityMemory] Configuration Parameters - Can be set up in boot.config
    "memorysetup-bucket-allocator-granularity=16"
    "memorysetup-bucket-allocator-bucket-count=8"
    "memorysetup-bucket-allocator-block-size=33554432"
    "memorysetup-bucket-allocator-block-count=8"
    "memorysetup-main-allocator-block-size=16777216"
    "memorysetup-thread-allocator-block-size=16777216"
    "memorysetup-gfx-main-allocator-block-size=16777216"
    "memorysetup-gfx-thread-allocator-block-size=16777216"
    "memorysetup-cache-allocator-block-size=4194304"
    "memorysetup-typetree-allocator-block-size=2097152"
    "memorysetup-profiler-bucket-allocator-granularity=16"
    "memorysetup-profiler-bucket-allocator-bucket-count=8"
    "memorysetup-profiler-bucket-allocator-block-size=33554432"
    "memorysetup-profiler-bucket-allocator-block-count=8"
    "memorysetup-profiler-allocator-block-size=16777216"
    "memorysetup-profiler-editor-allocator-block-size=1048576"
    "memorysetup-temp-allocator-size-main=16777216"
    "memorysetup-job-temp-allocator-block-size=2097152"
    "memorysetup-job-temp-allocator-block-size-background=1048576"
    "memorysetup-job-temp-allocator-reduction-small-platforms=262144"
    "memorysetup-allocator-temp-initial-block-size-main=262144"
    "memorysetup-allocator-temp-initial-block-size-worker=262144"
    "memorysetup-temp-allocator-size-background-worker=32768"
    "memorysetup-temp-allocator-size-job-worker=262144"
    "memorysetup-temp-allocator-size-preload-manager=33554432"
    "memorysetup-temp-allocator-size-nav-mesh-worker=65536"
    "memorysetup-temp-allocator-size-audio-worker=65536"
    "memorysetup-temp-allocator-size-cloud-worker=32768"
    "memorysetup-temp-allocator-size-gi-baking-worker=262144"
    "memorysetup-temp-allocator-size-gfx=262144"
Player connection [13672] Host "[IP] 172.28.0.137 [Port] 0 [Flags] 2 [Guid] 3770029368 [EditorId] 3770029368 [Version] 1048832 [Id] WindowsEditor(7,PRD-MYB-SAL035) [Debug] 1 [PackageName] WindowsEditor [ProjectName] Editor" joined multi-casting on [225.0.0.222:54997]...

Player connection [13672] Host "[IP] 172.28.0.137 [Port] 0 [Flags] 2 [Guid] 3770029368 [EditorId] 3770029368 [Version] 1048832 [Id] WindowsEditor(7,PRD-MYB-SAL035) [Debug] 1 [PackageName] WindowsEditor [ProjectName] Editor" joined alternative multi-casting on [225.0.0.222:34997]...

[Physics::Module] Initialized MultithreadedJobDispatcher with 15 workers.
Refreshing native plugins compatible for Editor in 19.73 ms, found 5 plugins.
Preloading 0 native plugins for Editor in 0.00 ms.
Initialize engine version: 2022.3.26f1 (ec6cd8118806)
[Subsystems] Discovering subsystems at path C:/Program Files/Unity 2022.3.26f1/Editor/Data/Resources/UnitySubsystems
[Subsystems] Discovering subsystems at path C:/Users/c.legaspi681/OneDrive - Bow Valley College/Documents/GitHub/Final_Project-QB-10/QB - 10/Assets
GfxDevice: creating device client; threaded=0; jobified=0
Direct3D:
    Version:  Direct3D 11.0 [level 11.1]
    Renderer: NVIDIA A40-8Q (ID=0x2235)
    Vendor:   NVIDIA
    VRAM:     7970 MB
    Driver:   31.0.15.5178
Initialize mono
Mono path[0] = 'C:/Program Files/Unity 2022.3.26f1/Editor/Data/Managed'
Mono path[1] = 'C:/Program Files/Unity 2022.3.26f1/Editor/Data/MonoBleedingEdge/lib/mono/unityjit-win32'
Mono config path = 'C:/Program Files/Unity 2022.3.26f1/Editor/Data/MonoBleedingEdge/etc'
Using monoOptions --debugger-agent=transport=dt_socket,embedding=1,server=y,suspend=n,address=127.0.0.1:56304
Begin MonoManager ReloadAssembly
Registering precompiled unity dll's ...
Register platform support module: C:/Program Files/Unity 2022.3.26f1/Editor/Data/PlaybackEngines/WindowsStandaloneSupport/UnityEditor.WindowsStandalone.Extensions.dll
Registered in 0.028732 seconds.
- Loaded All Assemblies, in  0.587 seconds
Native extension for WindowsStandalone target not found
Mono: successfully reloaded assembly
- Finished resetting the current domain, in  0.334 seconds
Domain Reload Profiling: 908ms
	BeginReloadAssembly (224ms)
		ExecutionOrderSort (0ms)
		DisableScriptedObjects (0ms)
		BackupInstance (0ms)
		ReleaseScriptingObjects (0ms)
		CreateAndSetChildDomain (1ms)
	RebuildCommonClasses (50ms)
	RebuildNativeTypeToScriptingClass (13ms)
	initialDomainReloadingComplete (122ms)
	LoadAllAssembliesAndSetupDomain (166ms)
		LoadAssemblies (202ms)
		RebuildTransferFunctionScriptingTraits (0ms)
		AnalyzeDomain (162ms)
			TypeCache.Refresh (160ms)
				TypeCache.ScanAssembly (143ms)
			ScanForSourceGeneratedMonoScriptInfo (0ms)
			ResolveRequiredComponents (1ms)
	FinalizeReload (334ms)
		ReleaseScriptCaches (0ms)
		RebuildScriptCaches (0ms)
		SetupLoadedEditorAssemblies (268ms)
			LogAssemblyErrors (0ms)
			InitializePlatformSupportModulesInManaged (20ms)
			SetLoadedEditorAssemblies (8ms)
			RefreshPlugins (0ms)
			BeforeProcessingInitializeOnLoad (2ms)
			ProcessInitializeOnLoadAttributes (167ms)
			ProcessInitializeOnLoadMethodAttributes (70ms)
			AfterProcessingInitializeOnLoad (0ms)
			EditorAssembliesLoaded (0ms)
		ExecutionOrderSort2 (0ms)
		AwakeInstancesAfterBackupRestoration (0ms)
========================================================================
Worker process is ready to serve import requests
Begin MonoManager ReloadAssembly
- Loaded All Assemblies, in  0.927 seconds
Refreshing native plugins compatible for Editor in 7.06 ms, found 5 plugins.
Native extension for WindowsStandalone target not found
Mono: successfully reloaded assembly
- Finished resetting the current domain, in  0.755 seconds
Domain Reload Profiling: 1667ms
	BeginReloadAssembly (259ms)
		ExecutionOrderSort (0ms)
		DisableScriptedObjects (6ms)
		BackupInstance (0ms)
		ReleaseScriptingObjects (0ms)
		CreateAndSetChildDomain (23ms)
	RebuildCommonClasses (53ms)
	RebuildNativeTypeToScriptingClass (13ms)
	initialDomainReloadingComplete (81ms)
	LoadAllAssembliesAndSetupDomain (505ms)
		LoadAssemblies (502ms)
		RebuildTransferFunctionScriptingTraits (0ms)
		AnalyzeDomain (176ms)
			TypeCache.Refresh (140ms)
				TypeCache.ScanAssembly (123ms)
			ScanForSourceGeneratedMonoScriptInfo (27ms)
			ResolveRequiredComponents (9ms)
	FinalizeReload (756ms)
		ReleaseScriptCaches (0ms)
		RebuildScriptCaches (0ms)
		SetupLoadedEditorAssemblies (552ms)
			LogAssemblyErrors (0ms)
			InitializePlatformSupportModulesInManaged (14ms)
			SetLoadedEditorAssemblies (4ms)
			RefreshPlugins (0ms)
			BeforeProcessingInitializeOnLoad (134ms)
			ProcessInitializeOnLoadAttributes (245ms)
			ProcessInitializeOnLoadMethodAttributes (102ms)
			AfterProcessingInitializeOnLoad (53ms)
			EditorAssembliesLoaded (0ms)
		ExecutionOrderSort2 (0ms)
		AwakeInstancesAfterBackupRestoration (23ms)
Launched and connected shader compiler UnityShaderCompiler.exe after 0.09 seconds
Refreshing native plugins compatible for Editor in 8.46 ms, found 5 plugins.
Preloading 0 native plugins for Editor in 0.00 ms.
Unloading 4416 Unused Serialized files (Serialized files now loaded: 0)
Unloading 84 unused Assets / (421.4 KB). Loaded Objects now: 4905.
Memory consumption went from 169.7 MB to 169.3 MB.
Total: 4.500200 ms (FindLiveObjects: 0.467200 ms CreateObjectMapping: 0.165700 ms MarkObjects: 3.589100 ms  DeleteObjects: 0.276600 ms)

AssetImportParameters requested are different than current active one (requested -> active):
  custom:container-demuxer-ogg: 62fdf1f143b41e24485cea50d1cbac27 -> 
  custom:video-decoder-ogg-theora: a1e56fd34408186e4bbccfd4996cb3dc -> 
  custom:framework-win-MediaFoundation: 216162199b28c13a410421893ffa2e32 -> 
  custom:CustomObjectIndexerAttribute: 9a22284fe3817be447336de3de66b15e -> 
  custom:container-demuxer-webm: 4f35f7cbe854078d1ac9338744f61a02 -> 
  custom:container-muxer-webm: aa71ff27fc2769a1b78a27578f13a17b -> 
  custom:video-decoder-webm-vp8: 9c59270c3fd7afecdb556c50c9e8de78 -> 
  custom:SearchIndexIgnoredProperties: e643bd26f0fe6173181afceb89e7c659 -> 
  custom:AudioImporter_EditorPlatform: d09bf68614088b80899f8185d706f6e7 -> 
  custom:video-encoder-webm-vp8: eb34c28f22e8b96e1ab97ce403110664 -> 
  custom:audio-decoder-ogg-vorbis: bf7c407c2cedff20999df2af8eb42d56 -> 
  custom:audio-encoder-webm-vorbis: bf7c407c2cedff20999df2af8eb42d56 -> 
========================================================================
Received Import Request.
  Time since last request: 11998.547727 seconds.
  path: Assets/Prefabs/Other/Image.prefab
  artifactKey: Guid(78b598d18932da24395a3475590bf9b8) Importer(815301076,1909f56bfc062723c751e8b465ee728b)
Start importing Assets/Prefabs/Other/Image.prefab using Guid(78b598d18932da24395a3475590bf9b8) Importer(815301076,1909f56bfc062723c751e8b465ee728b)  -> (artifact id: '092ac924e1653918ba8dc6eb33b95a78') in 0.037512 seconds
Number of updated asset objects reloaded before import = 0
Number of asset objects unloaded after import = 7
========================================================================
Received Import Request.
  Time since last request: 0.020183 seconds.
  path: Assets/Prefabs/Other/RawImage.prefab
  artifactKey: Guid(908477593c09585489fe751a77df3863) Importer(815301076,1909f56bfc062723c751e8b465ee728b)
Start importing Assets/Prefabs/Other/RawImage.prefab using Guid(908477593c09585489fe751a77df3863) Importer(815301076,1909f56bfc062723c751e8b465ee728b)  -> (artifact id: 'c7c6f2c3c770f5e968da9d9d4668e480') in 0.005290 seconds
Number of updated asset objects reloaded before import = 0
Number of asset objects unloaded after import = 7
========================================================================
Received Import Request.
  Time since last request: 24.854539 seconds.
  path: Assets/Scenes/AnimatingSpace.unity
  artifactKey: Guid(3c23172bf01e4ae41b25a781825f6690) Importer(815301076,1909f56bfc062723c751e8b465ee728b)
Start importing Assets/Scenes/AnimatingSpace.unity using Guid(3c23172bf01e4ae41b25a781825f6690) Importer(815301076,1909f56bfc062723c751e8b465ee728b)  -> (artifact id: '729e5ae02e2ea8300c7ea639124f456c') in 0.000701 seconds
Number of updated asset objects reloaded before import = 0
Number of asset objects unloaded after import = 0
========================================================================
Received Import Request.
  Time since last request: 14.560470 seconds.
  path: Assets/Scenes/MonsterAnimationPlace.unity
  artifactKey: Guid(2a336a61b465fdb4f94a6d120cf1465d) Importer(815301076,1909f56bfc062723c751e8b465ee728b)
Start importing Assets/Scenes/MonsterAnimationPlace.unity using Guid(2a336a61b465fdb4f94a6d120cf1465d) Importer(815301076,1909f56bfc062723c751e8b465ee728b)  -> (artifact id: 'd7e212c15fbadb2e46c427d9b18bc59a') in 0.000776 seconds
Number of updated asset objects reloaded before import = 0
Number of asset objects unloaded after import = 0
========================================================================
Received Import Request.
  Time since last request: 12.541373 seconds.
  path: Assets/Scenes/AnimatingSpace.unity
  artifactKey: Guid(3c23172bf01e4ae41b25a781825f6690) Importer(815301076,1909f56bfc062723c751e8b465ee728b)
Start importing Assets/Scenes/AnimatingSpace.unity using Guid(3c23172bf01e4ae41b25a781825f6690) Importer(815301076,1909f56bfc062723c751e8b465ee728b)  -> (artifact id: '9d1232da4ec29367f4f5822e5393e710') in 0.000843 seconds
Number of updated asset objects reloaded before import = 0
Number of asset objects unloaded after import = 0
========================================================================
Received Import Request.
  Time since last request: 12.698743 seconds.
  path: Assets/Scenes/MonsterAnimationPlace.unity
  artifactKey: Guid(2a336a61b465fdb4f94a6d120cf1465d) Importer(815301076,1909f56bfc062723c751e8b465ee728b)
Start importing Assets/Scenes/MonsterAnimationPlace.unity using Guid(2a336a61b465fdb4f94a6d120cf1465d) Importer(815301076,1909f56bfc062723c751e8b465ee728b)  -> (artifact id: 'cc4a3db5d5894520059a3e3e413cc665') in 0.000650 seconds
Number of updated asset objects reloaded before import = 0
Number of asset objects unloaded after import = 0
========================================================================
Received Import Request.
  Time since last request: 279.192664 seconds.
  path: Assets/Art/Materials/QB-10 Materials/Skybox Variant Monster.mat
  artifactKey: Guid(57d4cc25adcb23845a8e972ccfeb93ee) Importer(815301076,1909f56bfc062723c751e8b465ee728b)
Start importing Assets/Art/Materials/QB-10 Materials/Skybox Variant Monster.mat using Guid(57d4cc25adcb23845a8e972ccfeb93ee) Importer(815301076,1909f56bfc062723c751e8b465ee728b)  -> (artifact id: '1afcd950b34231e1ec12a665cd768ddc') in 0.122246 seconds
Number of updated asset objects reloaded before import = 0
Number of asset objects unloaded after import = 10
========================================================================
Received Import Request.
  Time since last request: 46.846673 seconds.
  path: Assets/Scenes/RoadTrainShowcase.unity
  artifactKey: Guid(bad185ea4ed7cdb40a764e9a55cd63e7) Importer(815301076,1909f56bfc062723c751e8b465ee728b)
Start importing Assets/Scenes/RoadTrainShowcase.unity using Guid(bad185ea4ed7cdb40a764e9a55cd63e7) Importer(815301076,1909f56bfc062723c751e8b465ee728b)  -> (artifact id: '265158bbf3c64759e45d659f650f931c') in 0.000811 seconds
Number of updated asset objects reloaded before import = 0
Number of asset objects unloaded after import = 0
========================================================================
Received Import Request.
  Time since last request: 141.941678 seconds.
  path: Assets/Art/Materials/QB-10 Materials/Road_Train_Toon_material Variant.mat
  artifactKey: Guid(8b4c9a5453df80e48b89a68420d4d0a3) Importer(815301076,1909f56bfc062723c751e8b465ee728b)
Start importing Assets/Art/Materials/QB-10 Materials/Road_Train_Toon_material Variant.mat using Guid(8b4c9a5453df80e48b89a68420d4d0a3) Importer(815301076,1909f56bfc062723c751e8b465ee728b)  -> (artifact id: 'd21f979af151b18c7104bbebd1ff087b') in 0.031630 seconds
Number of updated asset objects reloaded before import = 0
Number of asset objects unloaded after import = 2
========================================================================
Received Import Request.
  Time since last request: 82.660575 seconds.
  path: Assets/Art/Materials/QB-10 Materials/Road_Train_Toon_material Variant.mat
  artifactKey: Guid(8b4c9a5453df80e48b89a68420d4d0a3) Importer(815301076,1909f56bfc062723c751e8b465ee728b)
Start importing Assets/Art/Materials/QB-10 Materials/Road_Train_Toon_material Variant.mat using Guid(8b4c9a5453df80e48b89a68420d4d0a3) Importer(815301076,1909f56bfc062723c751e8b465ee728b)  -> (artifact id: 'a4283f20687902d9a8623d662252ddcd') in 2.097122 seconds
Number of updated asset objects reloaded before import = 0
Number of asset objects unloaded after import = 3
========================================================================
Received Import Request.
  Time since last request: 35.438986 seconds.
  path: Assets/Art/Textures/QB-10 Road Train_m_5a766b20-4e94-9c4f-fe04-c85aa9b5808d_AlbedoTransparency.png
  artifactKey: Guid(b21c5389a3ac62e419be2d86851636c2) Importer(815301076,1909f56bfc062723c751e8b465ee728b)
Start importing Assets/Art/Textures/QB-10 Road Train_m_5a766b20-4e94-9c4f-fe04-c85aa9b5808d_AlbedoTransparency.png using Guid(b21c5389a3ac62e419be2d86851636c2) Importer(815301076,1909f56bfc062723c751e8b465ee728b)  -> (artifact id: 'af36028957044a4df78f82c2e12c5533') in 0.111229 seconds
Number of updated asset objects reloaded before import = 0
Number of asset objects unloaded after import = 2
========================================================================
Received Import Request.
  Time since last request: 6.117757 seconds.
  path: Assets/Art/Materials/QB-10 Materials/Road_Train_Toon_material Variant.mat
  artifactKey: Guid(8b4c9a5453df80e48b89a68420d4d0a3) Importer(815301076,1909f56bfc062723c751e8b465ee728b)
Start importing Assets/Art/Materials/QB-10 Materials/Road_Train_Toon_material Variant.mat using Guid(8b4c9a5453df80e48b89a68420d4d0a3) Importer(815301076,1909f56bfc062723c751e8b465ee728b)  -> (artifact id: 'c5739a10177485be494402458cca8b93') in 0.043402 seconds
Number of updated asset objects reloaded before import = 0
Number of asset objects unloaded after import = 3
========================================================================
Received Import Request.
  Time since last request: 270.343984 seconds.
  path: Assets/Art/Models/QB-10 Road Train-Substance Painter.fbx
  artifactKey: Guid(e98450c56e23f114e8bef5567e704675) Importer(815301076,1909f56bfc062723c751e8b465ee728b)
Start importing Assets/Art/Models/QB-10 Road Train-Substance Painter.fbx using Guid(e98450c56e23f114e8bef5567e704675) Importer(815301076,1909f56bfc062723c751e8b465ee728b)  -> (artifact id: '536608531e82935403fcb847113f4c66') in 1.973066 seconds
Number of updated asset objects reloaded before import = 0
Number of asset objects unloaded after import = 885
========================================================================
Received Import Request.
  Time since last request: 35.852580 seconds.
  path: Assets/Art/Models/QB-10 Road Train-Substance Painter.fbx
  artifactKey: Guid(e98450c56e23f114e8bef5567e704675) Importer(815301076,1909f56bfc062723c751e8b465ee728b)
Start importing Assets/Art/Models/QB-10 Road Train-Substance Painter.fbx using Guid(e98450c56e23f114e8bef5567e704675) Importer(815301076,1909f56bfc062723c751e8b465ee728b)  -> (artifact id: 'f136dc272a3b1f05470fe0217fb69d49') in 0.878813 seconds
Number of updated asset objects reloaded before import = 0
Number of asset objects unloaded after import = 885
========================================================================
Received Import Request.
  Time since last request: 28.673675 seconds.
  path: Assets/Art/Textures/QB-10 Road Train_m_5a766b20-4e94-9c4f-fe04-c85aa9b5808d_AlbedoTransparency 1.png
  artifactKey: Guid(1011924a4e6506c4489a1171ea77356a) Importer(815301076,1909f56bfc062723c751e8b465ee728b)
Start importing Assets/Art/Textures/QB-10 Road Train_m_5a766b20-4e94-9c4f-fe04-c85aa9b5808d_AlbedoTransparency 1.png using Guid(1011924a4e6506c4489a1171ea77356a) Importer(815301076,1909f56bfc062723c751e8b465ee728b)  -> (artifact id: 'ba76ec5146ef30d7952377e6bc6a692f') in 0.019147 seconds
Number of updated asset objects reloaded before import = 0
Number of asset objects unloaded after import = 2
========================================================================
Received Import Request.
  Time since last request: 20.887000 seconds.
  path: Assets/Art/Materials/QB-10 Materials/Road_Train_Toon_material Variant.mat
  artifactKey: Guid(8b4c9a5453df80e48b89a68420d4d0a3) Importer(815301076,1909f56bfc062723c751e8b465ee728b)
Start importing Assets/Art/Materials/QB-10 Materials/Road_Train_Toon_material Variant.mat using Guid(8b4c9a5453df80e48b89a68420d4d0a3) Importer(815301076,1909f56bfc062723c751e8b465ee728b)  -> (artifact id: '36feb00f4287763d9a8ed65e8d8b1f84') in 0.011434 seconds
Number of updated asset objects reloaded before import = 0
Number of asset objects unloaded after import = 2
========================================================================
Received Import Request.
  Time since last request: 21.986107 seconds.
  path: Assets/Art/Models/QB-10 Road Train-Substance Painter.fbx
  artifactKey: Guid(e98450c56e23f114e8bef5567e704675) Importer(815301076,1909f56bfc062723c751e8b465ee728b)
Start importing Assets/Art/Models/QB-10 Road Train-Substance Painter.fbx using Guid(e98450c56e23f114e8bef5567e704675) Importer(815301076,1909f56bfc062723c751e8b465ee728b)  -> (artifact id: 'aa5fcdb2b04dd0d1c62e77afb189dede') in 0.848219 seconds
Number of updated asset objects reloaded before import = 0
Number of asset objects unloaded after import = 884
========================================================================
Received Import Request.
  Time since last request: 76.747776 seconds.
  path: Assets/Art/Textures/QB-10 Road Train_m_5a766b20-4e94-9c4f-fe04-c85aa9b5808d_AlbedoTransparency 1.png
  artifactKey: Guid(1011924a4e6506c4489a1171ea77356a) Importer(815301076,1909f56bfc062723c751e8b465ee728b)
Start importing Assets/Art/Textures/QB-10 Road Train_m_5a766b20-4e94-9c4f-fe04-c85aa9b5808d_AlbedoTransparency 1.png using Guid(1011924a4e6506c4489a1171ea77356a) Importer(815301076,1909f56bfc062723c751e8b465ee728b)  -> (artifact id: '31ab6d0f182af5d760a1f0da74a70324') in 0.039878 seconds
Number of updated asset objects reloaded before import = 0
Number of asset objects unloaded after import = 2
========================================================================
Received Import Request.
  Time since last request: 80.391688 seconds.
  path: Assets/Art/Materials/QB-10 Materials/Road_Train_Toon_material Variant.mat
  artifactKey: Guid(8b4c9a5453df80e48b89a68420d4d0a3) Importer(815301076,1909f56bfc062723c751e8b465ee728b)
Start importing Assets/Art/Materials/QB-10 Materials/Road_Train_Toon_material Variant.mat using Guid(8b4c9a5453df80e48b89a68420d4d0a3) Importer(815301076,1909f56bfc062723c751e8b465ee728b)  -> (artifact id: 'ec526aa9f34b8d4b6044588bd70f6de8') in 0.037481 seconds
Number of updated asset objects reloaded before import = 0
Number of asset objects unloaded after import = 3
